<?xml version="1.0" encoding="UTF-8"?>
<!-- Generated by org.testng.reporters.JUnitXMLReporter -->
<testsuite ignored="16" hostname="GarvitDevice" failures="0" tests="1" name="Default test" time="7.127" errors="0" timestamp="2023-05-24T15:12:53 IST">
  <testcase classname="com.dotKonnektMobile.tests.HomePageTest" name="HomePage_PageHeaderVerification" time="5.633"/>
  <testcase classname="com.dotKonnektMobile.tests.HomePageTest" name="HomePage_aboveAboutUsSection" time="0.0">
    <ignored/>
  </testcase> <!-- HomePage_aboveAboutUsSection -->
  <testcase classname="com.dotKonnektMobile.tests.HomePageTest" name="HomePage_shoutOutFromCustomers" time="0.0">
    <ignored/>
  </testcase> <!-- HomePage_shoutOutFromCustomers -->
  <testcase classname="com.dotKonnektMobile.tests.HomePageTest" name="HomePage_discountVoucherSection" time="0.0">
    <ignored/>
  </testcase> <!-- HomePage_discountVoucherSection -->
  <testcase classname="com.dotKonnektMobile.tests.HomePageTest" name="HomePage_endToEndGuestScenarioByClickingProductTileGuestUSer" time="0.0">
    <ignored/>
  </testcase> <!-- HomePage_endToEndGuestScenarioByClickingProductTileGuestUSer -->
  <testcase classname="com.dotKonnektMobile.tests.HomePageTest" name="HomePage_UserFunctionalityVerification" time="0.0">
    <ignored/>
  </testcase> <!-- HomePage_UserFunctionalityVerification -->
  <testcase classname="com.dotKonnektMobile.tests.HomePageTest" name="HomePage_SendAMessageFunctionalityLoggedInUser" time="0.0">
    <ignored/>
  </testcase> <!-- HomePage_SendAMessageFunctionalityLoggedInUser -->
  <testcase classname="com.dotKonnektMobile.tests.HomePageTest" name="HomePage_SendAMessageFunctionalityGuestUser" time="0.0">
    <ignored/>
  </testcase> <!-- HomePage_SendAMessageFunctionalityGuestUser -->
  <testcase classname="com.dotKonnektMobile.tests.HomePageTest" name="HomePage_endToEndGuestScenarioByClickingProductTileLoggedIn" time="0.0">
    <ignored/>
  </testcase> <!-- HomePage_endToEndGuestScenarioByClickingProductTileLoggedIn -->
  <testcase classname="com.dotKonnektMobile.tests.HomePageTest" name="TitleVerification" time="0.0">
    <ignored/>
  </testcase> <!-- TitleVerification -->
  <testcase classname="com.dotKonnektMobile.tests.HomePageTest" name="HomePage_OurStorySection" time="0.0">
    <ignored/>
  </testcase> <!-- HomePage_OurStorySection -->
  <testcase classname="com.dotKonnektMobile.tests.HomePageTest" name="HomePage_askOurExpertSection" time="0.0">
    <ignored/>
  </testcase> <!-- HomePage_askOurExpertSection -->
  <testcase classname="com.dotKonnektMobile.tests.HomePageTest" name="HomePage_NewArrival" time="0.0">
    <ignored/>
  </testcase> <!-- HomePage_NewArrival -->
  <testcase classname="com.dotKonnektMobile.tests.HomePageTest" name="HomePage_CartFucntionalityVerification" time="0.0">
    <ignored/>
  </testcase> <!-- HomePage_CartFucntionalityVerification -->
  <testcase classname="com.dotKonnektMobile.tests.HomePageTest" name="HomePage_endToEndGuestScenarioByClickingProductCartIconGuestUSer" time="0.0">
    <ignored/>
  </testcase> <!-- HomePage_endToEndGuestScenarioByClickingProductCartIconGuestUSer -->
  <testcase classname="com.dotKonnektMobile.tests.HomePageTest" name="HomePage_endToEndGuestScenarioByClickingProductCartIconLoggedUSer" time="0.0">
    <ignored/>
  </testcase> <!-- HomePage_endToEndGuestScenarioByClickingProductCartIconLoggedUSer -->
  <testcase classname="com.dotKonnektMobile.tests.HomePageTest" name="HomePage_SearchFucntionalityVerification" time="0.0">
    <ignored/>
  </testcase> <!-- HomePage_SearchFucntionalityVerification -->
</testsuite> <!-- Default test -->
