<?xml version="1.0" encoding="UTF-8"?>
<testng-results ignored="16" total="17" passed="1" failed="0" skipped="0">
  <reporter-output>
  </reporter-output>
  <suite started-at="2023-05-30T10:06:32 IST" name="Default suite" finished-at="2023-05-30T10:06:38 IST" duration-ms="5442">
    <groups>
      <group name="NotLoggedIn">
        <method signature="HomePageTest.TitleVerification(java.lang.String,java.lang.String,java.lang.String,java.lang.String)[pri:0, instance:com.dotKonnektMobile.tests.HomePageTest@79079097]" name="TitleVerification" class="com.dotKonnektMobile.tests.HomePageTest"/>
      </group> <!-- NotLoggedIn -->
    </groups>
    <test started-at="2023-05-30T10:06:32 IST" name="Default test" finished-at="2023-05-30T10:06:38 IST" duration-ms="5442">
      <class name="com.dotKonnektMobile.tests.HomePageTest">
        <test-method is-config="true" signature="loadConfig()[pri:0, instance:com.dotKonnektMobile.tests.HomePageTest@79079097]" started-at="2023-05-30T10:06:32 IST" name="loadConfig" finished-at="2023-05-30T10:06:32 IST" duration-ms="442" status="PASS">
          <reporter-output>
          </reporter-output>
        </test-method> <!-- loadConfig -->
        <test-method signature="TitleVerification(java.lang.String,java.lang.String,java.lang.String,java.lang.String)[pri:0, instance:com.dotKonnektMobile.tests.HomePageTest@79079097]" started-at="2023-05-30T10:06:34 IST" name="TitleVerification" data-provider="HomePage" finished-at="2023-05-30T10:06:38 IST" duration-ms="4104" status="PASS">
          <params>
            <param index="0">
              <value>
                <![CDATA[Home Page]]>
              </value>
            </param>
            <param index="1">
              <value>
                <![CDATA[dot beauty]]>
              </value>
            </param>
            <param index="2">
              <value>
                <![CDATA[ChromeMobile]]>
              </value>
            </param>
            <param index="3">
              <value>
                <![CDATA[https://uidotfashion.sangria.tech/]]>
              </value>
            </param>
          </params>
          <reporter-output>
          </reporter-output>
        </test-method> <!-- TitleVerification -->
        <test-method is-config="true" signature="tearDown()[pri:0, instance:com.dotKonnektMobile.tests.HomePageTest@79079097]" started-at="2023-05-30T10:06:38 IST" name="tearDown" finished-at="2023-05-30T10:06:38 IST" duration-ms="107" status="PASS">
          <reporter-output>
          </reporter-output>
        </test-method> <!-- tearDown -->
        <test-method is-config="true" signature="flush()[pri:0, instance:com.dotKonnektMobile.tests.HomePageTest@79079097]" started-at="2023-05-30T10:06:38 IST" name="flush" finished-at="2023-05-30T10:06:38 IST" duration-ms="348" status="PASS">
          <reporter-output>
          </reporter-output>
        </test-method> <!-- flush -->
      </class> <!-- com.dotKonnektMobile.tests.HomePageTest -->
    </test> <!-- Default test -->
  </suite> <!-- Default suite -->
</testng-results>
